<?xml version="1.0" encoding="UTF-8"?>
<testsuite xmlns:xsi="http://www.w3.org/2001/XMLSchema-instance" xsi:noNamespaceSchemaLocation="https://maven.apache.org/surefire/maven-surefire-plugin/xsd/surefire-test-report.xsd" version="3.0.2" name="theater_mgnt.microserivce.catalog.screening.ScreeningServiceTest" time="3.175" tests="8" errors="0" skipped="0" failures="0" flakes="0">
  <properties>
[...]
</properties>
  <testcase name="createScreening_success_publishesKafkaEvent" classname="ScreeningService – tạo/xóa suất chiếu và validate PriceConfig" time="2.894">
    <system-err><![CDATA[Mockito is currently self-attaching to enable the inline-mock-maker. This will no longer work in future releases of the JDK. Please add Mockito as an agent to your build as described in Mockito's documentation: https://javadoc.io/doc/org.mockito/mockito-core/latest/org.mockito/org/mockito/Mockito.html#0.3
WARNING: A Java agent has been loaded dynamically (C:\Users\lenovo\.m2\repository\net\bytebuddy\byte-buddy-agent\1.17.8\byte-buddy-agent-1.17.8.jar)
WARNING: If a serviceability tool is in use, please run with -XX:+EnableDynamicAgentLoading to hide this warning
WARNING: If a serviceability tool is not in use, please run with -Djdk.instrument.traceUsage for more information
WARNING: Dynamic loading of agents will be disallowed by default in a future release
]]></system-err>
  </testcase>
  <testcase name="createScreening_missingPriceConfig_throwsError" classname="ScreeningService – tạo/xóa suất chiếu và validate PriceConfig" time="0.143">
    <system-out><![CDATA[16:03:06.707 [main] WARN theater_mgnt.microserivce.catalog.screening.service.ScreeningService -- Missing PriceConfig for seatTypeIds=[type-std] dayType=WEEKDAY timeSlot=EVENING
]]></system-out>
  </testcase>
  <testcase name="deleteScreening_notFound_throwsError" classname="ScreeningService – tạo/xóa suất chiếu và validate PriceConfig" time="0.009"/>
  <testcase name="createScreening_roomNotFound_throwsError" classname="ScreeningService – tạo/xóa suất chiếu và validate PriceConfig" time="0.011"/>
  <testcase name="createScreening_timeOverlap_throwsError" classname="ScreeningService – tạo/xóa suất chiếu và validate PriceConfig" time="0.013"/>
  <testcase name="deleteScreening_success_publishesKafkaEvent" classname="ScreeningService – tạo/xóa suất chiếu và validate PriceConfig" time="0.021"/>
  <testcase name="createScreening_pastTime_throwsError" classname="ScreeningService – tạo/xóa suất chiếu và validate PriceConfig" time="0.01"/>
  <testcase name="createScreening_movieNotFound_throwsError" classname="ScreeningService – tạo/xóa suất chiếu và validate PriceConfig" time="0.009"/>
</testsuite>